<?xml version="1.0" encoding="UTF-8"?>
<!-- Generated by org.testng.reporters.JUnitXMLReporter -->
<testsuite ignored="6" hostname="CO-IT022604" failures="3" tests="3" name="Surefire test" time="0.116" errors="0" timestamp="2022-12-04T11:56:18 COT">
  <testcase classname="com.globant.tests.web.BaseTest" name="@BeforeTest setUp" time="-1.670172978244E9">
    <failure type="org.testng.TestNGException" message="
Parameter &amp;apos;browser&amp;apos; is required by BeforeTest on method setUp but has not been marked @Optional or defined
">
      <![CDATA[org.testng.TestNGException: 
Parameter 'browser' is required by BeforeTest on method setUp but has not been marked @Optional or defined

... Removed 26 stack frames]]>
    </failure>
  </testcase> <!-- @BeforeTest setUp -->
  <testcase classname="com.globant.tests.web.BaseTest" name="@AfterTest endSession" time="0.0">
    <skipped/>
  </testcase> <!-- @AfterTest endSession -->
  <testcase classname="com.globant.tests.web.DeactivateAccountTest" name="DeactivateAccount" time="0.0">
    <failure type="org.testng.TestNGException" message="
Parameter &amp;apos;email&amp;apos; is required by @Test on method DeactivateAccount but has not been marked @Optional or defined
">
      <![CDATA[org.testng.TestNGException: 
Parameter 'email' is required by @Test on method DeactivateAccount but has not been marked @Optional or defined

at java.base/java.util.ArrayList.forEach(ArrayList.java:1541)
... Removed 31 stack frames]]>
    </failure>
  </testcase> <!-- DeactivateAccount -->
  <testcase classname="com.globant.tests.web.LoginTest" name="LogIn" time="0.0">
    <failure type="org.testng.TestNGException" message="
Parameter &amp;apos;url&amp;apos; is required by @Test on method LogIn but has not been marked @Optional or defined
">
      <![CDATA[org.testng.TestNGException: 
Parameter 'url' is required by @Test on method LogIn but has not been marked @Optional or defined

at java.base/java.util.ArrayList.forEach(ArrayList.java:1541)
... Removed 31 stack frames]]>
    </failure>
  </testcase> <!-- LogIn -->
  <testcase classname="com.globant.tests.web.LogOutTest" name="LogOut" time="0.0">
    <failure type="org.testng.TestNGException" message="
Parameter &amp;apos;email&amp;apos; is required by @Test on method LogOut but has not been marked @Optional or defined
">
      <![CDATA[org.testng.TestNGException: 
Parameter 'email' is required by @Test on method LogOut but has not been marked @Optional or defined

at java.base/java.util.ArrayList.forEach(ArrayList.java:1541)
... Removed 31 stack frames]]>
    </failure>
  </testcase> <!-- LogOut -->
  <testcase classname="com.globant.tests.web.BaseTest" name="@AfterTest endSession" time="0.0">
    <ignored/>
  </testcase> <!-- @AfterTest endSession -->
  <testcase classname="com.globant.tests.web.BaseTest" name="@BeforeTest setUp" time="0.0">
    <ignored/>
  </testcase> <!-- @BeforeTest setUp -->
  <testcase classname="com.globant.tests.web.BaseTest" name="@BeforeTest setUp" time="0.0">
    <ignored/>
  </testcase> <!-- @BeforeTest setUp -->
  <testcase classname="com.globant.tests.web.BaseTest" name="@AfterTest endSession" time="0.0">
    <ignored/>
  </testcase> <!-- @AfterTest endSession -->
  <testcase classname="com.globant.tests.web.BaseTest" name="@BeforeTest setUp" time="0.0">
    <ignored/>
  </testcase> <!-- @BeforeTest setUp -->
  <testcase classname="com.globant.tests.web.BaseTest" name="@AfterTest endSession" time="0.0">
    <ignored/>
  </testcase> <!-- @AfterTest endSession -->
</testsuite> <!-- Surefire test -->
